<?xml version="1.0" encoding="UTF-8"?>
<testng-results skipped="0" failed="0" ignored="0" total="3" passed="3">
  <reporter-output>
  </reporter-output>
  <suite name="Default suite" duration-ms="59981" started-at="2019-08-08T10:04:08Z" finished-at="2019-08-08T10:05:08Z">
    <groups>
    </groups>
    <test name="Default test" duration-ms="59981" started-at="2019-08-08T10:04:08Z" finished-at="2019-08-08T10:05:08Z">
      <class name="NewTest">
        <test-method status="PASS" signature="launchbrowser()[pri:0, instance:NewTest@61832929]" name="launchbrowser" is-config="true" duration-ms="18447" started-at="2019-08-08T10:04:08Z" finished-at="2019-08-08T10:04:27Z">
          <reporter-output>
          </reporter-output>
        </test-method> <!-- launchbrowser -->
        <test-method status="PASS" signature="openADDAGK()[pri:1, instance:NewTest@61832929]" name="openADDAGK" duration-ms="7092" started-at="2019-08-08T10:04:27Z" finished-at="2019-08-08T10:04:34Z">
          <reporter-output>
          </reporter-output>
        </test-method> <!-- openADDAGK -->
        <test-method status="PASS" signature="CheckIn()[pri:2, instance:NewTest@61832929]" name="CheckIn" duration-ms="15438" started-at="2019-08-08T10:04:34Z" finished-at="2019-08-08T10:04:49Z">
          <reporter-output>
          </reporter-output>
        </test-method> <!-- CheckIn -->
        <test-method status="PASS" signature="CheckOut()[pri:3, instance:NewTest@61832929]" name="CheckOut" duration-ms="5565" started-at="2019-08-08T10:04:49Z" finished-at="2019-08-08T10:04:55Z">
          <reporter-output>
          </reporter-output>
        </test-method> <!-- CheckOut -->
        <test-method status="PASS" signature="closeDriver()[pri:0, instance:NewTest@61832929]" name="closeDriver" is-config="true" duration-ms="13399" started-at="2019-08-08T10:04:55Z" finished-at="2019-08-08T10:05:08Z">
          <reporter-output>
          </reporter-output>
        </test-method> <!-- closeDriver -->
      </class> <!-- NewTest -->
    </test> <!-- Default test -->
  </suite> <!-- Default suite -->
</testng-results>
